

================================================================
== Vivado HLS Report for 'linear_array_array_ap_fixed_16_16_0_0_0_16u_linear_config17_s'
================================================================
* Date:           Fri Aug  9 00:45:08 2024

* Version:        2020.1 (Build 2897737 on Wed May 27 20:21:37 MDT 2020)
* Project:        Encoder_prj
* Solution:       solution1
* Product family: kintexuplus
* Target device:  xcku15p-ffve1517-1-i


================================================================
== Performance Estimates
================================================================
+ Timing: 
    * Summary: 
    +--------+---------+----------+------------+
    |  Clock |  Target | Estimated| Uncertainty|
    +--------+---------+----------+------------+
    |ap_clk  | 5.00 ns | 3.596 ns |   0.62 ns  |
    +--------+---------+----------+------------+

+ Latency: 
    * Summary: 
    +---------+---------+----------+----------+-----+-----+----------+
    |  Latency (cycles) |  Latency (absolute) |  Interval | Pipeline |
    |   min   |   max   |    min   |    max   | min | max |   Type   |
    +---------+---------+----------+----------+-----+-----+----------+
    |        1|        1| 5.000 ns | 5.000 ns |    1|    1| function |
    +---------+---------+----------+----------+-----+-----+----------+

    + Detail: 
        * Instance: 
        N/A

        * Loop: 
        N/A



================================================================
== Utilization Estimates
================================================================
* Summary: 
+-----------------+---------+-------+---------+--------+-----+
|       Name      | BRAM_18K| DSP48E|    FF   |   LUT  | URAM|
+-----------------+---------+-------+---------+--------+-----+
|DSP              |        -|      -|        -|       -|    -|
|Expression       |        -|      -|        0|     892|    -|
|FIFO             |        -|      -|        -|       -|    -|
|Instance         |        -|      -|        -|       -|    -|
|Memory           |        -|      -|        -|       -|    -|
|Multiplexer      |        -|      -|        -|     297|    -|
|Register         |        -|      -|        3|       -|    -|
+-----------------+---------+-------+---------+--------+-----+
|Total            |        0|      0|        3|    1189|    0|
+-----------------+---------+-------+---------+--------+-----+
|Available        |     1968|   1968|  1045440|  522720|  128|
+-----------------+---------+-------+---------+--------+-----+
|Utilization (%)  |        0|      0|    ~0   |   ~0   |    0|
+-----------------+---------+-------+---------+--------+-----+

+ Detail: 
    * Instance: 
    N/A

    * DSP48E: 
    N/A

    * Memory: 
    N/A

    * FIFO: 
    N/A

    * Expression: 
    +----------------------------------+----------+-------+---+----+------------+------------+
    |           Variable Name          | Operation| DSP48E| FF| LUT| Bitwidth P0| Bitwidth P1|
    +----------------------------------+----------+-------+---+----+------------+------------+
    |add_ln415_10_fu_928_p2            |     +    |      0|  0|  23|          16|          16|
    |add_ln415_11_fu_972_p2            |     +    |      0|  0|  23|          16|          16|
    |add_ln415_12_fu_1016_p2           |     +    |      0|  0|  23|          16|          16|
    |add_ln415_13_fu_1077_p2           |     +    |      0|  0|  23|          16|          16|
    |add_ln415_14_fu_1138_p2           |     +    |      0|  0|  23|          16|          16|
    |add_ln415_15_fu_1199_p2           |     +    |      0|  0|  23|          16|          16|
    |add_ln415_1_fu_532_p2             |     +    |      0|  0|  23|          16|          16|
    |add_ln415_2_fu_576_p2             |     +    |      0|  0|  23|          16|          16|
    |add_ln415_3_fu_620_p2             |     +    |      0|  0|  23|          16|          16|
    |add_ln415_4_fu_664_p2             |     +    |      0|  0|  23|          16|          16|
    |add_ln415_5_fu_708_p2             |     +    |      0|  0|  23|          16|          16|
    |add_ln415_6_fu_752_p2             |     +    |      0|  0|  23|          16|          16|
    |add_ln415_7_fu_796_p2             |     +    |      0|  0|  23|          16|          16|
    |add_ln415_8_fu_840_p2             |     +    |      0|  0|  23|          16|          16|
    |add_ln415_9_fu_884_p2             |     +    |      0|  0|  23|          16|          16|
    |add_ln415_fu_488_p2               |     +    |      0|  0|  23|          16|          16|
    |io_acc_block_signal_op3           |    and   |      0|  0|   2|           1|           1|
    |ap_block_pp0_stage0_01001         |    or    |      0|  0|   2|           1|           1|
    |ap_block_pp0_stage0_11001         |    or    |      0|  0|   2|           1|           1|
    |ap_block_state1_pp0_stage0_iter0  |    or    |      0|  0|   2|           1|           1|
    |ap_block_state2_pp0_stage0_iter1  |    or    |      0|  0|   2|           1|           1|
    |empty_30_fu_1230_p3               |  select  |      0|  0|  16|           1|          16|
    |empty_31_fu_1247_p3               |  select  |      0|  0|  16|           1|          16|
    |empty_32_fu_1264_p3               |  select  |      0|  0|  16|           1|          16|
    |empty_33_fu_1281_p3               |  select  |      0|  0|  16|           1|          16|
    |empty_34_fu_1298_p3               |  select  |      0|  0|  16|           1|          16|
    |empty_35_fu_1315_p3               |  select  |      0|  0|  16|           1|          16|
    |empty_36_fu_1332_p3               |  select  |      0|  0|  16|           1|          16|
    |empty_37_fu_1349_p3               |  select  |      0|  0|  16|           1|          16|
    |empty_38_fu_1366_p3               |  select  |      0|  0|  16|           1|          16|
    |empty_39_fu_1383_p3               |  select  |      0|  0|  16|           1|          16|
    |empty_40_fu_1400_p3               |  select  |      0|  0|  16|           1|          16|
    |empty_41_fu_1417_p3               |  select  |      0|  0|  16|           1|          16|
    |phitmp_12_fu_1030_p3              |  select  |      0|  0|  16|           1|          16|
    |phitmp_13_fu_1091_p3              |  select  |      0|  0|  16|           1|          16|
    |phitmp_14_fu_1152_p3              |  select  |      0|  0|  16|           1|          16|
    |phitmp_15_fu_1213_p3              |  select  |      0|  0|  16|           1|          16|
    |res_V_data_0_V_TDATA_int          |  select  |      0|  0|  16|           1|          16|
    |res_V_data_10_V_TDATA_int         |  select  |      0|  0|  16|           1|          16|
    |res_V_data_11_V_TDATA_int         |  select  |      0|  0|  16|           1|          16|
    |res_V_data_12_V_TDATA_int         |  select  |      0|  0|  16|           1|          16|
    |res_V_data_13_V_TDATA_int         |  select  |      0|  0|  16|           1|          16|
    |res_V_data_14_V_TDATA_int         |  select  |      0|  0|  16|           1|          16|
    |res_V_data_15_V_TDATA_int         |  select  |      0|  0|  16|           1|          16|
    |res_V_data_1_V_TDATA_int          |  select  |      0|  0|  16|           1|          16|
    |res_V_data_2_V_TDATA_int          |  select  |      0|  0|  16|           1|          16|
    |res_V_data_3_V_TDATA_int          |  select  |      0|  0|  16|           1|          16|
    |res_V_data_4_V_TDATA_int          |  select  |      0|  0|  16|           1|          16|
    |res_V_data_5_V_TDATA_int          |  select  |      0|  0|  16|           1|          16|
    |res_V_data_6_V_TDATA_int          |  select  |      0|  0|  16|           1|          16|
    |res_V_data_7_V_TDATA_int          |  select  |      0|  0|  16|           1|          16|
    |res_V_data_8_V_TDATA_int          |  select  |      0|  0|  16|           1|          16|
    |res_V_data_9_V_TDATA_int          |  select  |      0|  0|  16|           1|          16|
    |ap_enable_pp0                     |    xor   |      0|  0|   2|           1|           2|
    +----------------------------------+----------+-------+---+----+------------+------------+
    |Total                             |          |      0|  0| 892|         294|         775|
    +----------------------------------+----------+-------+---+----+------------+------------+

    * Multiplexer: 
    +-----------------------------+----+-----------+-----+-----------+
    |             Name            | LUT| Input Size| Bits| Total Bits|
    +-----------------------------+----+-----------+-----+-----------+
    |ap_done                      |   9|          2|    1|          2|
    |data_V_data_0_V_blk_n        |   9|          2|    1|          2|
    |data_V_data_10_V_blk_n       |   9|          2|    1|          2|
    |data_V_data_11_V_blk_n       |   9|          2|    1|          2|
    |data_V_data_12_V_blk_n       |   9|          2|    1|          2|
    |data_V_data_13_V_blk_n       |   9|          2|    1|          2|
    |data_V_data_14_V_blk_n       |   9|          2|    1|          2|
    |data_V_data_15_V_blk_n       |   9|          2|    1|          2|
    |data_V_data_1_V_blk_n        |   9|          2|    1|          2|
    |data_V_data_2_V_blk_n        |   9|          2|    1|          2|
    |data_V_data_3_V_blk_n        |   9|          2|    1|          2|
    |data_V_data_4_V_blk_n        |   9|          2|    1|          2|
    |data_V_data_5_V_blk_n        |   9|          2|    1|          2|
    |data_V_data_6_V_blk_n        |   9|          2|    1|          2|
    |data_V_data_7_V_blk_n        |   9|          2|    1|          2|
    |data_V_data_8_V_blk_n        |   9|          2|    1|          2|
    |data_V_data_9_V_blk_n        |   9|          2|    1|          2|
    |res_V_data_0_V_TDATA_blk_n   |   9|          2|    1|          2|
    |res_V_data_10_V_TDATA_blk_n  |   9|          2|    1|          2|
    |res_V_data_11_V_TDATA_blk_n  |   9|          2|    1|          2|
    |res_V_data_12_V_TDATA_blk_n  |   9|          2|    1|          2|
    |res_V_data_13_V_TDATA_blk_n  |   9|          2|    1|          2|
    |res_V_data_14_V_TDATA_blk_n  |   9|          2|    1|          2|
    |res_V_data_15_V_TDATA_blk_n  |   9|          2|    1|          2|
    |res_V_data_1_V_TDATA_blk_n   |   9|          2|    1|          2|
    |res_V_data_2_V_TDATA_blk_n   |   9|          2|    1|          2|
    |res_V_data_3_V_TDATA_blk_n   |   9|          2|    1|          2|
    |res_V_data_4_V_TDATA_blk_n   |   9|          2|    1|          2|
    |res_V_data_5_V_TDATA_blk_n   |   9|          2|    1|          2|
    |res_V_data_6_V_TDATA_blk_n   |   9|          2|    1|          2|
    |res_V_data_7_V_TDATA_blk_n   |   9|          2|    1|          2|
    |res_V_data_8_V_TDATA_blk_n   |   9|          2|    1|          2|
    |res_V_data_9_V_TDATA_blk_n   |   9|          2|    1|          2|
    +-----------------------------+----+-----------+-----+-----------+
    |Total                        | 297|         66|   33|         66|
    +-----------------------------+----+-----------+-----+-----------+

    * Register: 
    +-------------------------+---+----+-----+-----------+
    |           Name          | FF| LUT| Bits| Const Bits|
    +-------------------------+---+----+-----+-----------+
    |ap_CS_fsm                |  1|   0|    1|          0|
    |ap_done_reg              |  1|   0|    1|          0|
    |ap_enable_reg_pp0_iter1  |  1|   0|    1|          0|
    +-------------------------+---+----+-----+-----------+
    |Total                    |  3|   0|    3|          0|
    +-------------------------+---+----+-----+-----------+



================================================================
== Interface
================================================================
* Summary: 
+--------------------------+-----+-----+------------+----------------------------------------------------------------+--------------+
|         RTL Ports        | Dir | Bits|  Protocol  |                          Source Object                         |    C Type    |
+--------------------------+-----+-----+------------+----------------------------------------------------------------+--------------+
|ap_clk                    |  in |    1| ap_ctrl_hs | linear<array,array<ap_fixed<16,16,0,0,0>,16u>,linear_config17> | return value |
|ap_rst                    |  in |    1| ap_ctrl_hs | linear<array,array<ap_fixed<16,16,0,0,0>,16u>,linear_config17> | return value |
|ap_start                  |  in |    1| ap_ctrl_hs | linear<array,array<ap_fixed<16,16,0,0,0>,16u>,linear_config17> | return value |
|ap_done                   | out |    1| ap_ctrl_hs | linear<array,array<ap_fixed<16,16,0,0,0>,16u>,linear_config17> | return value |
|ap_continue               |  in |    1| ap_ctrl_hs | linear<array,array<ap_fixed<16,16,0,0,0>,16u>,linear_config17> | return value |
|ap_idle                   | out |    1| ap_ctrl_hs | linear<array,array<ap_fixed<16,16,0,0,0>,16u>,linear_config17> | return value |
|ap_ready                  | out |    1| ap_ctrl_hs | linear<array,array<ap_fixed<16,16,0,0,0>,16u>,linear_config17> | return value |
|data_V_data_0_V_dout      |  in |   24|   ap_fifo  |                         data_V_data_0_V                        |    pointer   |
|data_V_data_0_V_empty_n   |  in |    1|   ap_fifo  |                         data_V_data_0_V                        |    pointer   |
|data_V_data_0_V_read      | out |    1|   ap_fifo  |                         data_V_data_0_V                        |    pointer   |
|data_V_data_1_V_dout      |  in |   24|   ap_fifo  |                         data_V_data_1_V                        |    pointer   |
|data_V_data_1_V_empty_n   |  in |    1|   ap_fifo  |                         data_V_data_1_V                        |    pointer   |
|data_V_data_1_V_read      | out |    1|   ap_fifo  |                         data_V_data_1_V                        |    pointer   |
|data_V_data_2_V_dout      |  in |   24|   ap_fifo  |                         data_V_data_2_V                        |    pointer   |
|data_V_data_2_V_empty_n   |  in |    1|   ap_fifo  |                         data_V_data_2_V                        |    pointer   |
|data_V_data_2_V_read      | out |    1|   ap_fifo  |                         data_V_data_2_V                        |    pointer   |
|data_V_data_3_V_dout      |  in |   24|   ap_fifo  |                         data_V_data_3_V                        |    pointer   |
|data_V_data_3_V_empty_n   |  in |    1|   ap_fifo  |                         data_V_data_3_V                        |    pointer   |
|data_V_data_3_V_read      | out |    1|   ap_fifo  |                         data_V_data_3_V                        |    pointer   |
|data_V_data_4_V_dout      |  in |   24|   ap_fifo  |                         data_V_data_4_V                        |    pointer   |
|data_V_data_4_V_empty_n   |  in |    1|   ap_fifo  |                         data_V_data_4_V                        |    pointer   |
|data_V_data_4_V_read      | out |    1|   ap_fifo  |                         data_V_data_4_V                        |    pointer   |
|data_V_data_5_V_dout      |  in |   24|   ap_fifo  |                         data_V_data_5_V                        |    pointer   |
|data_V_data_5_V_empty_n   |  in |    1|   ap_fifo  |                         data_V_data_5_V                        |    pointer   |
|data_V_data_5_V_read      | out |    1|   ap_fifo  |                         data_V_data_5_V                        |    pointer   |
|data_V_data_6_V_dout      |  in |   24|   ap_fifo  |                         data_V_data_6_V                        |    pointer   |
|data_V_data_6_V_empty_n   |  in |    1|   ap_fifo  |                         data_V_data_6_V                        |    pointer   |
|data_V_data_6_V_read      | out |    1|   ap_fifo  |                         data_V_data_6_V                        |    pointer   |
|data_V_data_7_V_dout      |  in |   24|   ap_fifo  |                         data_V_data_7_V                        |    pointer   |
|data_V_data_7_V_empty_n   |  in |    1|   ap_fifo  |                         data_V_data_7_V                        |    pointer   |
|data_V_data_7_V_read      | out |    1|   ap_fifo  |                         data_V_data_7_V                        |    pointer   |
|data_V_data_8_V_dout      |  in |   24|   ap_fifo  |                         data_V_data_8_V                        |    pointer   |
|data_V_data_8_V_empty_n   |  in |    1|   ap_fifo  |                         data_V_data_8_V                        |    pointer   |
|data_V_data_8_V_read      | out |    1|   ap_fifo  |                         data_V_data_8_V                        |    pointer   |
|data_V_data_9_V_dout      |  in |   24|   ap_fifo  |                         data_V_data_9_V                        |    pointer   |
|data_V_data_9_V_empty_n   |  in |    1|   ap_fifo  |                         data_V_data_9_V                        |    pointer   |
|data_V_data_9_V_read      | out |    1|   ap_fifo  |                         data_V_data_9_V                        |    pointer   |
|data_V_data_10_V_dout     |  in |   24|   ap_fifo  |                        data_V_data_10_V                        |    pointer   |
|data_V_data_10_V_empty_n  |  in |    1|   ap_fifo  |                        data_V_data_10_V                        |    pointer   |
|data_V_data_10_V_read     | out |    1|   ap_fifo  |                        data_V_data_10_V                        |    pointer   |
|data_V_data_11_V_dout     |  in |   24|   ap_fifo  |                        data_V_data_11_V                        |    pointer   |
|data_V_data_11_V_empty_n  |  in |    1|   ap_fifo  |                        data_V_data_11_V                        |    pointer   |
|data_V_data_11_V_read     | out |    1|   ap_fifo  |                        data_V_data_11_V                        |    pointer   |
|data_V_data_12_V_dout     |  in |   24|   ap_fifo  |                        data_V_data_12_V                        |    pointer   |
|data_V_data_12_V_empty_n  |  in |    1|   ap_fifo  |                        data_V_data_12_V                        |    pointer   |
|data_V_data_12_V_read     | out |    1|   ap_fifo  |                        data_V_data_12_V                        |    pointer   |
|data_V_data_13_V_dout     |  in |   24|   ap_fifo  |                        data_V_data_13_V                        |    pointer   |
|data_V_data_13_V_empty_n  |  in |    1|   ap_fifo  |                        data_V_data_13_V                        |    pointer   |
|data_V_data_13_V_read     | out |    1|   ap_fifo  |                        data_V_data_13_V                        |    pointer   |
|data_V_data_14_V_dout     |  in |   24|   ap_fifo  |                        data_V_data_14_V                        |    pointer   |
|data_V_data_14_V_empty_n  |  in |    1|   ap_fifo  |                        data_V_data_14_V                        |    pointer   |
|data_V_data_14_V_read     | out |    1|   ap_fifo  |                        data_V_data_14_V                        |    pointer   |
|data_V_data_15_V_dout     |  in |   24|   ap_fifo  |                        data_V_data_15_V                        |    pointer   |
|data_V_data_15_V_empty_n  |  in |    1|   ap_fifo  |                        data_V_data_15_V                        |    pointer   |
|data_V_data_15_V_read     | out |    1|   ap_fifo  |                        data_V_data_15_V                        |    pointer   |
|res_V_data_0_V_TREADY     |  in |    1|    axis    |                         res_V_data_0_V                         |    pointer   |
|res_V_data_0_V_TDATA      | out |   16|    axis    |                         res_V_data_0_V                         |    pointer   |
|res_V_data_0_V_TVALID     | out |    1|    axis    |                         res_V_data_0_V                         |    pointer   |
|res_V_data_1_V_TDATA      | out |   16|    axis    |                         res_V_data_1_V                         |    pointer   |
|res_V_data_1_V_TVALID     | out |    1|    axis    |                         res_V_data_1_V                         |    pointer   |
|res_V_data_1_V_TREADY     |  in |    1|    axis    |                         res_V_data_1_V                         |    pointer   |
|res_V_data_2_V_TDATA      | out |   16|    axis    |                         res_V_data_2_V                         |    pointer   |
|res_V_data_2_V_TVALID     | out |    1|    axis    |                         res_V_data_2_V                         |    pointer   |
|res_V_data_2_V_TREADY     |  in |    1|    axis    |                         res_V_data_2_V                         |    pointer   |
|res_V_data_3_V_TDATA      | out |   16|    axis    |                         res_V_data_3_V                         |    pointer   |
|res_V_data_3_V_TVALID     | out |    1|    axis    |                         res_V_data_3_V                         |    pointer   |
|res_V_data_3_V_TREADY     |  in |    1|    axis    |                         res_V_data_3_V                         |    pointer   |
|res_V_data_4_V_TDATA      | out |   16|    axis    |                         res_V_data_4_V                         |    pointer   |
|res_V_data_4_V_TVALID     | out |    1|    axis    |                         res_V_data_4_V                         |    pointer   |
|res_V_data_4_V_TREADY     |  in |    1|    axis    |                         res_V_data_4_V                         |    pointer   |
|res_V_data_5_V_TDATA      | out |   16|    axis    |                         res_V_data_5_V                         |    pointer   |
|res_V_data_5_V_TVALID     | out |    1|    axis    |                         res_V_data_5_V                         |    pointer   |
|res_V_data_5_V_TREADY     |  in |    1|    axis    |                         res_V_data_5_V                         |    pointer   |
|res_V_data_6_V_TDATA      | out |   16|    axis    |                         res_V_data_6_V                         |    pointer   |
|res_V_data_6_V_TVALID     | out |    1|    axis    |                         res_V_data_6_V                         |    pointer   |
|res_V_data_6_V_TREADY     |  in |    1|    axis    |                         res_V_data_6_V                         |    pointer   |
|res_V_data_7_V_TDATA      | out |   16|    axis    |                         res_V_data_7_V                         |    pointer   |
|res_V_data_7_V_TVALID     | out |    1|    axis    |                         res_V_data_7_V                         |    pointer   |
|res_V_data_7_V_TREADY     |  in |    1|    axis    |                         res_V_data_7_V                         |    pointer   |
|res_V_data_8_V_TDATA      | out |   16|    axis    |                         res_V_data_8_V                         |    pointer   |
|res_V_data_8_V_TVALID     | out |    1|    axis    |                         res_V_data_8_V                         |    pointer   |
|res_V_data_8_V_TREADY     |  in |    1|    axis    |                         res_V_data_8_V                         |    pointer   |
|res_V_data_9_V_TDATA      | out |   16|    axis    |                         res_V_data_9_V                         |    pointer   |
|res_V_data_9_V_TVALID     | out |    1|    axis    |                         res_V_data_9_V                         |    pointer   |
|res_V_data_9_V_TREADY     |  in |    1|    axis    |                         res_V_data_9_V                         |    pointer   |
|res_V_data_10_V_TDATA     | out |   16|    axis    |                         res_V_data_10_V                        |    pointer   |
|res_V_data_10_V_TVALID    | out |    1|    axis    |                         res_V_data_10_V                        |    pointer   |
|res_V_data_10_V_TREADY    |  in |    1|    axis    |                         res_V_data_10_V                        |    pointer   |
|res_V_data_11_V_TDATA     | out |   16|    axis    |                         res_V_data_11_V                        |    pointer   |
|res_V_data_11_V_TVALID    | out |    1|    axis    |                         res_V_data_11_V                        |    pointer   |
|res_V_data_11_V_TREADY    |  in |    1|    axis    |                         res_V_data_11_V                        |    pointer   |
|res_V_data_12_V_TDATA     | out |   16|    axis    |                         res_V_data_12_V                        |    pointer   |
|res_V_data_12_V_TVALID    | out |    1|    axis    |                         res_V_data_12_V                        |    pointer   |
|res_V_data_12_V_TREADY    |  in |    1|    axis    |                         res_V_data_12_V                        |    pointer   |
|res_V_data_13_V_TDATA     | out |   16|    axis    |                         res_V_data_13_V                        |    pointer   |
|res_V_data_13_V_TVALID    | out |    1|    axis    |                         res_V_data_13_V                        |    pointer   |
|res_V_data_13_V_TREADY    |  in |    1|    axis    |                         res_V_data_13_V                        |    pointer   |
|res_V_data_14_V_TDATA     | out |   16|    axis    |                         res_V_data_14_V                        |    pointer   |
|res_V_data_14_V_TVALID    | out |    1|    axis    |                         res_V_data_14_V                        |    pointer   |
|res_V_data_14_V_TREADY    |  in |    1|    axis    |                         res_V_data_14_V                        |    pointer   |
|res_V_data_15_V_TDATA     | out |   16|    axis    |                         res_V_data_15_V                        |    pointer   |
|res_V_data_15_V_TVALID    | out |    1|    axis    |                         res_V_data_15_V                        |    pointer   |
|res_V_data_15_V_TREADY    |  in |    1|    axis    |                         res_V_data_15_V                        |    pointer   |
+--------------------------+-----+-----+------------+----------------------------------------------------------------+--------------+

