

================================================================
== Vivado HLS Report for 'Encoder'
================================================================
* Date:           Wed Aug 14 16:28:15 2024

* Version:        2020.1 (Build 2897737 on Wed May 27 20:21:37 MDT 2020)
* Project:        Encoder_prj
* Solution:       solution1
* Product family: artix7
* Target device:  xc7a200tl-ffg1156-2L


================================================================
== Performance Estimates
================================================================
+ Timing: 
    * Summary: 
    +--------+----------+----------+------------+
    |  Clock |  Target  | Estimated| Uncertainty|
    +--------+----------+----------+------------+
    |ap_clk  | 10.00 ns | 0.137 us |   1.25 ns  |
    +--------+----------+----------+------------+

+ Latency: 
    * Summary: 
    +---------+---------+----------+----------+-----+-----+----------+
    |  Latency (cycles) |  Latency (absolute) |  Interval | Pipeline |
    |   min   |   max   |    min   |    max   | min | max |   Type   |
    +---------+---------+----------+----------+-----+-----+----------+
    |      903|      913| 0.124 ms | 0.125 ms |  545|  885| dataflow |
    +---------+---------+----------+----------+-----+-----+----------+

    + Detail: 
        * Instance: 
        +------------------------------------------------------------------------+-----------------------------------------------------------------------+---------+---------+-----------+-----------+-----+-----+----------+
        |                                                                        |                                                                       |  Latency (cycles) |   Latency (absolute)  |  Interval | Pipeline |
        |                                Instance                                |                                 Module                                |   min   |   max   |    min    |    max    | min | max |   Type   |
        +------------------------------------------------------------------------+-----------------------------------------------------------------------+---------+---------+-----------+-----------+-----+-----+----------+
        |dense_array_ap_fixed_4u_array_ap_fixed_24_16_0_0_0_16u_config15_U0      |dense_array_ap_fixed_4u_array_ap_fixed_24_16_0_0_0_16u_config15_s      |       24|       25|  3.286 us |  3.422 us |   24|   25|   none   |
        |conv_1d_cl_array_ap_fixed_8u_array_ap_fixed_24_16_0_0_0_8u_config5_U0   |conv_1d_cl_array_ap_fixed_8u_array_ap_fixed_24_16_0_0_0_8u_config5_s   |      544|      884| 74.471 us |  0.121 ms |  544|  884|   none   |
        |conv_1d_cl_array_ap_fixed_8u_array_ap_fixed_24_16_0_0_0_4u_config8_U0   |conv_1d_cl_array_ap_fixed_8u_array_ap_fixed_24_16_0_0_0_4u_config8_s   |      536|      871| 73.376 us |  0.119 ms |  536|  871|   none   |
        |conv_1d_cl_array_ap_fixed_4u_array_ap_fixed_24_16_0_0_0_4u_config11_U0  |conv_1d_cl_array_ap_fixed_4u_array_ap_fixed_24_16_0_0_0_4u_config11_s  |      280|      455| 38.331 us | 62.288 us |  280|  455|   none   |
        |conv_1d_cl_array_ap_int_16_1u_array_ap_fixed_24_16_0_0_0_8u_config2_U0  |conv_1d_cl_array_ap_int_16_1u_array_ap_fixed_24_16_0_0_0_8u_config2_s  |      396|      792| 54.211 us |  0.108 ms |  396|  792|   none   |
        |linear_array_array_ap_fixed_16_16_0_0_0_16u_linear_config17_U0          |linear_array_array_ap_fixed_16_16_0_0_0_16u_linear_config17_s          |        1|        1|  0.137 us |  0.137 us |    1|    1| function |
        |zeropad1d_cl_array_array_ap_fixed_24_16_0_0_0_8u_config19_U0            |zeropad1d_cl_array_array_ap_fixed_24_16_0_0_0_8u_config19_s            |       71|       71|  9.720 us |  9.720 us |   71|   71|   none   |
        |zeropad1d_cl_array_array_ap_fixed_24_16_0_0_0_8u_config20_U0            |zeropad1d_cl_array_array_ap_fixed_24_16_0_0_0_8u_config20_s            |       68|       68|  9.309 us |  9.309 us |   68|   68|   none   |
        |zeropad1d_cl_array_array_ap_fixed_24_16_0_0_0_4u_config21_U0            |zeropad1d_cl_array_array_ap_fixed_24_16_0_0_0_4u_config21_s            |       36|       36|  4.928 us |  4.928 us |   36|   36|   none   |
        |zeropad1d_cl_array_ap_int_16_1u_array_ap_int_16_1u_config18_U0          |zeropad1d_cl_array_ap_int_16_1u_array_ap_int_16_1u_config18_s          |       65|       65|  8.898 us |  8.898 us |   65|   65|   none   |
        +------------------------------------------------------------------------+-----------------------------------------------------------------------+---------+---------+-----------+-----------+-----+-----+----------+

        * Loop: 
        N/A



================================================================
== Utilization Estimates
================================================================
* Summary: 
+-----------------+---------+-------+--------+--------+-----+
|       Name      | BRAM_18K| DSP48E|   FF   |   LUT  | URAM|
+-----------------+---------+-------+--------+--------+-----+
|DSP              |        -|      -|       -|       -|    -|
|Expression       |        -|      -|       0|       2|    -|
|FIFO             |       81|      -|    1847|    2789|    -|
|Instance         |      168|    800|   65395|  232576|    -|
|Memory           |        -|      -|       -|       -|    -|
|Multiplexer      |        -|      -|       -|       -|    -|
|Register         |        -|      -|       -|       -|    -|
+-----------------+---------+-------+--------+--------+-----+
|Total            |      249|    800|   67242|  235367|    0|
+-----------------+---------+-------+--------+--------+-----+
|Available        |      730|    740|  269200|  134600|    0|
+-----------------+---------+-------+--------+--------+-----+
|Utilization (%)  |       34|    108|      24|     174|    0|
+-----------------+---------+-------+--------+--------+-----+

+ Detail: 
    * Instance: 
    +------------------------------------------------------------------------+-----------------------------------------------------------------------+---------+-------+-------+--------+-----+
    |                                Instance                                |                                 Module                                | BRAM_18K| DSP48E|   FF  |   LUT  | URAM|
    +------------------------------------------------------------------------+-----------------------------------------------------------------------+---------+-------+-------+--------+-----+
    |conv_1d_cl_array_ap_fixed_4u_array_ap_fixed_24_16_0_0_0_4u_config11_U0  |conv_1d_cl_array_ap_fixed_4u_array_ap_fixed_24_16_0_0_0_4u_config11_s  |        0|     40|   3864|   11970|    0|
    |conv_1d_cl_array_ap_fixed_8u_array_ap_fixed_24_16_0_0_0_4u_config8_U0   |conv_1d_cl_array_ap_fixed_8u_array_ap_fixed_24_16_0_0_0_4u_config8_s   |       18|     80|   6903|   23464|    0|
    |conv_1d_cl_array_ap_fixed_8u_array_ap_fixed_24_16_0_0_0_8u_config5_U0   |conv_1d_cl_array_ap_fixed_8u_array_ap_fixed_24_16_0_0_0_8u_config5_s   |       36|    160|  12182|   45804|    0|
    |conv_1d_cl_array_ap_int_16_1u_array_ap_fixed_24_16_0_0_0_8u_config2_U0  |conv_1d_cl_array_ap_int_16_1u_array_ap_fixed_24_16_0_0_0_8u_config2_s  |        0|      8|   1020|    2881|    0|
    |dense_array_ap_fixed_4u_array_ap_fixed_24_16_0_0_0_16u_config15_U0      |dense_array_ap_fixed_4u_array_ap_fixed_24_16_0_0_0_16u_config15_s      |      114|    512|  41368|  146131|    0|
    |linear_array_array_ap_fixed_16_16_0_0_0_16u_linear_config17_U0          |linear_array_array_ap_fixed_16_16_0_0_0_16u_linear_config17_s          |        0|      0|      3|    1189|    0|
    |zeropad1d_cl_array_ap_int_16_1u_array_ap_int_16_1u_config18_U0          |zeropad1d_cl_array_ap_int_16_1u_array_ap_int_16_1u_config18_s          |        0|      0|     11|     105|    0|
    |zeropad1d_cl_array_array_ap_fixed_24_16_0_0_0_4u_config21_U0            |zeropad1d_cl_array_array_ap_fixed_24_16_0_0_0_4u_config21_s            |        0|      0|     13|     244|    0|
    |zeropad1d_cl_array_array_ap_fixed_24_16_0_0_0_8u_config19_U0            |zeropad1d_cl_array_array_ap_fixed_24_16_0_0_0_8u_config19_s            |        0|      0|     17|     412|    0|
    |zeropad1d_cl_array_array_ap_fixed_24_16_0_0_0_8u_config20_U0            |zeropad1d_cl_array_array_ap_fixed_24_16_0_0_0_8u_config20_s            |        0|      0|     14|     376|    0|
    +------------------------------------------------------------------------+-----------------------------------------------------------------------+---------+-------+-------+--------+-----+
    |Total                                                                   |                                                                       |      168|    800|  65395|  232576|    0|
    +------------------------------------------------------------------------+-----------------------------------------------------------------------+---------+-------+-------+--------+-----+

    * DSP48E: 
    N/A

    * Memory: 
    N/A

    * FIFO: 
    +---------------------------+---------+----+----+-----+------+-----+---------+
    |            Name           | BRAM_18K| FF | LUT| URAM| Depth| Bits| Size:D*B|
    +---------------------------+---------+----+----+-----+------+-----+---------+
    |layer11_out_V_data_0_V_U   |        0|   7|   0|    -|    16|   24|      384|
    |layer11_out_V_data_1_V_U   |        0|   7|   0|    -|    16|   24|      384|
    |layer11_out_V_data_2_V_U   |        0|   7|   0|    -|    16|   24|      384|
    |layer11_out_V_data_3_V_U   |        0|   7|   0|    -|    16|   24|      384|
    |layer15_out_V_data_0_V_U   |        0|   5|   0|    -|     1|   24|       24|
    |layer15_out_V_data_10_V_U  |        0|   5|   0|    -|     1|   24|       24|
    |layer15_out_V_data_11_V_U  |        0|   5|   0|    -|     1|   24|       24|
    |layer15_out_V_data_12_V_U  |        0|   5|   0|    -|     1|   24|       24|
    |layer15_out_V_data_13_V_U  |        0|   5|   0|    -|     1|   24|       24|
    |layer15_out_V_data_14_V_U  |        0|   5|   0|    -|     1|   24|       24|
    |layer15_out_V_data_15_V_U  |        0|   5|   0|    -|     1|   24|       24|
    |layer15_out_V_data_1_V_U   |        0|   5|   0|    -|     1|   24|       24|
    |layer15_out_V_data_2_V_U   |        0|   5|   0|    -|     1|   24|       24|
    |layer15_out_V_data_3_V_U   |        0|   5|   0|    -|     1|   24|       24|
    |layer15_out_V_data_4_V_U   |        0|   5|   0|    -|     1|   24|       24|
    |layer15_out_V_data_5_V_U   |        0|   5|   0|    -|     1|   24|       24|
    |layer15_out_V_data_6_V_U   |        0|   5|   0|    -|     1|   24|       24|
    |layer15_out_V_data_7_V_U   |        0|   5|   0|    -|     1|   24|       24|
    |layer15_out_V_data_8_V_U   |        0|   5|   0|    -|     1|   24|       24|
    |layer15_out_V_data_9_V_U   |        0|   5|   0|    -|     1|   24|       24|
    |layer18_out_V_data_0_V_U   |        1|  35|   0|    -|    66|   16|     1056|
    |layer19_out_V_data_0_V_U   |        2|  43|   0|    -|    68|   24|     1632|
    |layer19_out_V_data_1_V_U   |        2|  43|   0|    -|    68|   24|     1632|
    |layer19_out_V_data_2_V_U   |        2|  43|   0|    -|    68|   24|     1632|
    |layer19_out_V_data_3_V_U   |        2|  43|   0|    -|    68|   24|     1632|
    |layer19_out_V_data_4_V_U   |        2|  43|   0|    -|    68|   24|     1632|
    |layer19_out_V_data_5_V_U   |        2|  43|   0|    -|    68|   24|     1632|
    |layer19_out_V_data_6_V_U   |        2|  43|   0|    -|    68|   24|     1632|
    |layer19_out_V_data_7_V_U   |        2|  43|   0|    -|    68|   24|     1632|
    |layer20_out_V_data_0_V_U   |        2|  43|   0|    -|    67|   24|     1608|
    |layer20_out_V_data_1_V_U   |        2|  43|   0|    -|    67|   24|     1608|
    |layer20_out_V_data_2_V_U   |        2|  43|   0|    -|    67|   24|     1608|
    |layer20_out_V_data_3_V_U   |        2|  43|   0|    -|    67|   24|     1608|
    |layer20_out_V_data_4_V_U   |        2|  43|   0|    -|    67|   24|     1608|
    |layer20_out_V_data_5_V_U   |        2|  43|   0|    -|    67|   24|     1608|
    |layer20_out_V_data_6_V_U   |        2|  43|   0|    -|    67|   24|     1608|
    |layer20_out_V_data_7_V_U   |        2|  43|   0|    -|    67|   24|     1608|
    |layer21_out_V_data_0_V_U   |        2|  41|   0|    -|    35|   24|      840|
    |layer21_out_V_data_1_V_U   |        2|  41|   0|    -|    35|   24|      840|
    |layer21_out_V_data_2_V_U   |        2|  41|   0|    -|    35|   24|      840|
    |layer21_out_V_data_3_V_U   |        2|  41|   0|    -|    35|   24|      840|
    |layer2_out_V_data_0_V_U    |        2|  43|   0|    -|    64|   24|     1536|
    |layer2_out_V_data_1_V_U    |        2|  43|   0|    -|    64|   24|     1536|
    |layer2_out_V_data_2_V_U    |        2|  43|   0|    -|    64|   24|     1536|
    |layer2_out_V_data_3_V_U    |        2|  43|   0|    -|    64|   24|     1536|
    |layer2_out_V_data_4_V_U    |        2|  43|   0|    -|    64|   24|     1536|
    |layer2_out_V_data_5_V_U    |        2|  43|   0|    -|    64|   24|     1536|
    |layer2_out_V_data_6_V_U    |        2|  43|   0|    -|    64|   24|     1536|
    |layer2_out_V_data_7_V_U    |        2|  43|   0|    -|    64|   24|     1536|
    |layer5_out_V_data_0_V_U    |        2|  43|   0|    -|    64|   24|     1536|
    |layer5_out_V_data_1_V_U    |        2|  43|   0|    -|    64|   24|     1536|
    |layer5_out_V_data_2_V_U    |        2|  43|   0|    -|    64|   24|     1536|
    |layer5_out_V_data_3_V_U    |        2|  43|   0|    -|    64|   24|     1536|
    |layer5_out_V_data_4_V_U    |        2|  43|   0|    -|    64|   24|     1536|
    |layer5_out_V_data_5_V_U    |        2|  43|   0|    -|    64|   24|     1536|
    |layer5_out_V_data_6_V_U    |        2|  43|   0|    -|    64|   24|     1536|
    |layer5_out_V_data_7_V_U    |        2|  43|   0|    -|    64|   24|     1536|
    |layer8_out_V_data_0_V_U    |        2|  41|   0|    -|    32|   24|      768|
    |layer8_out_V_data_1_V_U    |        2|  41|   0|    -|    32|   24|      768|
    |layer8_out_V_data_2_V_U    |        2|  41|   0|    -|    32|   24|      768|
    |layer8_out_V_data_3_V_U    |        2|  41|   0|    -|    32|   24|      768|
    +---------------------------+---------+----+----+-----+------+-----+---------+
    |Total                      |       81|1847|   0|    0|  2518| 1456|    59904|
    +---------------------------+---------+----+----+-----+------+-----+---------+

    * Expression: 
    +--------------+----------+-------+---+----+------------+------------+
    | Variable Name| Operation| DSP48E| FF| LUT| Bitwidth P0| Bitwidth P1|
    +--------------+----------+-------+---+----+------------+------------+
    |ap_idle       |    and   |      0|  0|   2|           1|           1|
    +--------------+----------+-------+---+----+------------+------------+
    |Total         |          |      0|  0|   2|           1|           1|
    +--------------+----------+-------+---+----+------------+------------+

    * Multiplexer: 
    N/A

    * Register: 
    N/A



================================================================
== Interface
================================================================
* Summary: 
+-------------------------------------+-----+-----+------------+------------------------------+--------------+
|              RTL Ports              | Dir | Bits|  Protocol  |         Source Object        |    C Type    |
+-------------------------------------+-----+-----+------------+------------------------------+--------------+
|input_time_series_V_data_0_V_TDATA   |  in |   16|    axis    | input_time_series_V_data_0_V |    pointer   |
|input_time_series_V_data_0_V_TVALID  |  in |    1|    axis    | input_time_series_V_data_0_V |    pointer   |
|input_time_series_V_data_0_V_TREADY  | out |    1|    axis    | input_time_series_V_data_0_V |    pointer   |
|layer17_out_V_data_0_V_TDATA         | out |   16|    axis    |    layer17_out_V_data_0_V    |    pointer   |
|layer17_out_V_data_0_V_TVALID        | out |    1|    axis    |    layer17_out_V_data_0_V    |    pointer   |
|layer17_out_V_data_0_V_TREADY        |  in |    1|    axis    |    layer17_out_V_data_0_V    |    pointer   |
|layer17_out_V_data_1_V_TDATA         | out |   16|    axis    |    layer17_out_V_data_1_V    |    pointer   |
|layer17_out_V_data_1_V_TVALID        | out |    1|    axis    |    layer17_out_V_data_1_V    |    pointer   |
|layer17_out_V_data_1_V_TREADY        |  in |    1|    axis    |    layer17_out_V_data_1_V    |    pointer   |
|layer17_out_V_data_2_V_TDATA         | out |   16|    axis    |    layer17_out_V_data_2_V    |    pointer   |
|layer17_out_V_data_2_V_TVALID        | out |    1|    axis    |    layer17_out_V_data_2_V    |    pointer   |
|layer17_out_V_data_2_V_TREADY        |  in |    1|    axis    |    layer17_out_V_data_2_V    |    pointer   |
|layer17_out_V_data_3_V_TDATA         | out |   16|    axis    |    layer17_out_V_data_3_V    |    pointer   |
|layer17_out_V_data_3_V_TVALID        | out |    1|    axis    |    layer17_out_V_data_3_V    |    pointer   |
|layer17_out_V_data_3_V_TREADY        |  in |    1|    axis    |    layer17_out_V_data_3_V    |    pointer   |
|layer17_out_V_data_4_V_TDATA         | out |   16|    axis    |    layer17_out_V_data_4_V    |    pointer   |
|layer17_out_V_data_4_V_TVALID        | out |    1|    axis    |    layer17_out_V_data_4_V    |    pointer   |
|layer17_out_V_data_4_V_TREADY        |  in |    1|    axis    |    layer17_out_V_data_4_V    |    pointer   |
|layer17_out_V_data_5_V_TDATA         | out |   16|    axis    |    layer17_out_V_data_5_V    |    pointer   |
|layer17_out_V_data_5_V_TVALID        | out |    1|    axis    |    layer17_out_V_data_5_V    |    pointer   |
|layer17_out_V_data_5_V_TREADY        |  in |    1|    axis    |    layer17_out_V_data_5_V    |    pointer   |
|layer17_out_V_data_6_V_TDATA         | out |   16|    axis    |    layer17_out_V_data_6_V    |    pointer   |
|layer17_out_V_data_6_V_TVALID        | out |    1|    axis    |    layer17_out_V_data_6_V    |    pointer   |
|layer17_out_V_data_6_V_TREADY        |  in |    1|    axis    |    layer17_out_V_data_6_V    |    pointer   |
|layer17_out_V_data_7_V_TDATA         | out |   16|    axis    |    layer17_out_V_data_7_V    |    pointer   |
|layer17_out_V_data_7_V_TVALID        | out |    1|    axis    |    layer17_out_V_data_7_V    |    pointer   |
|layer17_out_V_data_7_V_TREADY        |  in |    1|    axis    |    layer17_out_V_data_7_V    |    pointer   |
|layer17_out_V_data_8_V_TDATA         | out |   16|    axis    |    layer17_out_V_data_8_V    |    pointer   |
|layer17_out_V_data_8_V_TVALID        | out |    1|    axis    |    layer17_out_V_data_8_V    |    pointer   |
|layer17_out_V_data_8_V_TREADY        |  in |    1|    axis    |    layer17_out_V_data_8_V    |    pointer   |
|layer17_out_V_data_9_V_TDATA         | out |   16|    axis    |    layer17_out_V_data_9_V    |    pointer   |
|layer17_out_V_data_9_V_TVALID        | out |    1|    axis    |    layer17_out_V_data_9_V    |    pointer   |
|layer17_out_V_data_9_V_TREADY        |  in |    1|    axis    |    layer17_out_V_data_9_V    |    pointer   |
|layer17_out_V_data_10_V_TDATA        | out |   16|    axis    |    layer17_out_V_data_10_V   |    pointer   |
|layer17_out_V_data_10_V_TVALID       | out |    1|    axis    |    layer17_out_V_data_10_V   |    pointer   |
|layer17_out_V_data_10_V_TREADY       |  in |    1|    axis    |    layer17_out_V_data_10_V   |    pointer   |
|layer17_out_V_data_11_V_TDATA        | out |   16|    axis    |    layer17_out_V_data_11_V   |    pointer   |
|layer17_out_V_data_11_V_TVALID       | out |    1|    axis    |    layer17_out_V_data_11_V   |    pointer   |
|layer17_out_V_data_11_V_TREADY       |  in |    1|    axis    |    layer17_out_V_data_11_V   |    pointer   |
|layer17_out_V_data_12_V_TDATA        | out |   16|    axis    |    layer17_out_V_data_12_V   |    pointer   |
|layer17_out_V_data_12_V_TVALID       | out |    1|    axis    |    layer17_out_V_data_12_V   |    pointer   |
|layer17_out_V_data_12_V_TREADY       |  in |    1|    axis    |    layer17_out_V_data_12_V   |    pointer   |
|layer17_out_V_data_13_V_TDATA        | out |   16|    axis    |    layer17_out_V_data_13_V   |    pointer   |
|layer17_out_V_data_13_V_TVALID       | out |    1|    axis    |    layer17_out_V_data_13_V   |    pointer   |
|layer17_out_V_data_13_V_TREADY       |  in |    1|    axis    |    layer17_out_V_data_13_V   |    pointer   |
|layer17_out_V_data_14_V_TDATA        | out |   16|    axis    |    layer17_out_V_data_14_V   |    pointer   |
|layer17_out_V_data_14_V_TVALID       | out |    1|    axis    |    layer17_out_V_data_14_V   |    pointer   |
|layer17_out_V_data_14_V_TREADY       |  in |    1|    axis    |    layer17_out_V_data_14_V   |    pointer   |
|layer17_out_V_data_15_V_TDATA        | out |   16|    axis    |    layer17_out_V_data_15_V   |    pointer   |
|layer17_out_V_data_15_V_TVALID       | out |    1|    axis    |    layer17_out_V_data_15_V   |    pointer   |
|layer17_out_V_data_15_V_TREADY       |  in |    1|    axis    |    layer17_out_V_data_15_V   |    pointer   |
|ap_clk                               |  in |    1| ap_ctrl_hs |            Encoder           | return value |
|ap_rst_n                             |  in |    1| ap_ctrl_hs |            Encoder           | return value |
|ap_start                             |  in |    1| ap_ctrl_hs |            Encoder           | return value |
|ap_done                              | out |    1| ap_ctrl_hs |            Encoder           | return value |
|ap_ready                             | out |    1| ap_ctrl_hs |            Encoder           | return value |
|ap_idle                              | out |    1| ap_ctrl_hs |            Encoder           | return value |
+-------------------------------------+-----+-----+------------+------------------------------+--------------+

